\BOOKMARK [0][-]{chapter.1}{1\040Introduction}{}% 1
\BOOKMARK [1][-]{section.1.1}{1.1\040Plan\040of\040St\040Gall}{chapter.1}% 2
\BOOKMARK [1][-]{section.1.2}{1.2\040Project\040Overview/goals}{chapter.1}% 3
\BOOKMARK [1][-]{section.1.3}{1.3\040Photometric\040Stereo}{chapter.1}% 4
\BOOKMARK [0][-]{chapter.2}{2\040Photometric\040Stereo\040Survey}{}% 5
\BOOKMARK [1][-]{section.2.1}{2.1\040Introduction}{chapter.2}% 6
\BOOKMARK [1][-]{section.2.2}{2.2\040Location}{chapter.2}% 7
\BOOKMARK [1][-]{section.2.3}{2.3\040Equipment}{chapter.2}% 8
\BOOKMARK [1][-]{section.2.4}{2.4\040Considerations}{chapter.2}% 9
\BOOKMARK [1][-]{section.2.5}{2.5\040Methodology}{chapter.2}% 10
\BOOKMARK [1][-]{section.2.6}{2.6\040Results}{chapter.2}% 11
\BOOKMARK [1][-]{section.2.7}{2.7\040Analysis}{chapter.2}% 12
\BOOKMARK [0][-]{chapter.3}{3\040Feature\040Extraction}{}% 13
\BOOKMARK [0][-]{chapter.4}{4\040Plan\040Stitching}{}% 14
\BOOKMARK [1][-]{section.4.1}{4.1\040Introduction}{chapter.4}% 15
\BOOKMARK [1][-]{section.4.2}{4.2\040General\040Process}{chapter.4}% 16
\BOOKMARK [1][-]{section.4.3}{4.3\040Photo\040Mosaicing}{chapter.4}% 17
\BOOKMARK [1][-]{section.4.4}{4.4\0403D\040Model\040Reconstruction}{chapter.4}% 18
\BOOKMARK [0][-]{chapter.5}{5\040Analysis}{}% 19
\BOOKMARK [0][-]{appendix.A}{A\040Example\040Appendix\040Chapter}{}% 20
