\BOOKMARK [0][-]{chapter.1}{1\040Introduction}{}% 1
\BOOKMARK [1][-]{section.1.1}{1.1\040Plan\040of\040St\040Gall}{chapter.1}% 2
\BOOKMARK [1][-]{section.1.2}{1.2\040Project\040Overview/goals}{chapter.1}% 3
\BOOKMARK [1][-]{section.1.3}{1.3\040Photometric\040Stereo}{chapter.1}% 4
\BOOKMARK [0][-]{chapter.2}{2\040Photometric\040Stereo\040Survey}{}% 5
\BOOKMARK [1][-]{section.2.1}{2.1\040Introduction}{chapter.2}% 6
\BOOKMARK [1][-]{section.2.2}{2.2\040Location}{chapter.2}% 7
\BOOKMARK [1][-]{section.2.3}{2.3\040Equipment}{chapter.2}% 8
\BOOKMARK [1][-]{section.2.4}{2.4\040Considerations}{chapter.2}% 9
\BOOKMARK [1][-]{section.2.5}{2.5\040Methodology}{chapter.2}% 10
\BOOKMARK [1][-]{section.2.6}{2.6\040Results}{chapter.2}% 11
\BOOKMARK [1][-]{section.2.7}{2.7\040Analysis}{chapter.2}% 12
\BOOKMARK [0][-]{chapter.3}{3\040Feature\040Extraction}{}% 13
\BOOKMARK [0][-]{chapter.4}{4\040Plan\040Stitching}{}% 14
\BOOKMARK [1][-]{section.4.1}{4.1\040Introduction}{chapter.4}% 15
\BOOKMARK [1][-]{section.4.2}{4.2\040Image\040Stitching}{chapter.4}% 16
\BOOKMARK [2][-]{subsection.4.2.1}{4.2.1\040Hugin}{section.4.2}% 17
\BOOKMARK [2][-]{subsection.4.2.2}{4.2.2\040Photoshop}{section.4.2}% 18
\BOOKMARK [2][-]{subsection.4.2.3}{4.2.3\040Image\040Composite\040Editor\040-\040ICE}{section.4.2}% 19
\BOOKMARK [2][-]{subsection.4.2.4}{4.2.4\040OpenCV}{section.4.2}% 20
\BOOKMARK [2][-]{subsection.4.2.5}{4.2.5\040Wavelength\040Differences}{section.4.2}% 21
\BOOKMARK [2][-]{subsection.4.2.6}{4.2.6\040Overlap\040Differences}{section.4.2}% 22
\BOOKMARK [2][-]{subsection.4.2.7}{4.2.7\040Results}{section.4.2}% 23
\BOOKMARK [2][-]{subsection.4.2.8}{4.2.8\040Analysis\040and\040Discussion}{section.4.2}% 24
\BOOKMARK [1][-]{section.4.3}{4.3\0403D\040Model\040Reconstruction}{chapter.4}% 25
\BOOKMARK [2][-]{subsection.4.3.1}{4.3.1\040Normal\040Map\040to\040Point\040Cloud}{section.4.3}% 26
\BOOKMARK [2][-]{subsection.4.3.2}{4.3.2\040Point\040Cloud\040Registration}{section.4.3}% 27
\BOOKMARK [2][-]{subsection.4.3.3}{4.3.3\040Point\040Cloud\040Cleaning}{section.4.3}% 28
\BOOKMARK [2][-]{subsection.4.3.4}{4.3.4\040Full\040Plan\040Point\040Clouds}{section.4.3}% 29
\BOOKMARK [2][-]{subsection.4.3.5}{4.3.5\040Results}{section.4.3}% 30
\BOOKMARK [2][-]{subsection.4.3.6}{4.3.6\040Discussion}{section.4.3}% 31
\BOOKMARK [0][-]{chapter.5}{5\040Analysis}{}% 32
\BOOKMARK [0][-]{chapter.6}{6\040Conclusion}{}% 33
\BOOKMARK [0][-]{appendix.A}{A\040Example\040Appendix\040Chapter}{}% 34
\BOOKMARK [0][-]{appendix*.33}{Bibliography}{}% 35
